2024-08-16T21:20:58.786Z - User connected: X6BIDIeEpDnadvNQAAAB
2024-08-16T21:22:49.474Z - User connected: KwhTrb6X7uX9G1mjAAAB
2024-08-16T21:35:19.296Z - User connected: alj25XtKXcntETb5AAAB
2024-08-16T21:35:27.799Z - User Adarsh assigned color: white
2024-08-16T21:36:46.637Z - User connected: BUtRobsYeB2EwKx4AAAB
2024-08-16T21:36:52.352Z - User trivedi assigned color: white
2024-08-16T22:01:10.522Z - User connected: xanDC-Go8oQkqOisAAAB
2024-08-16T22:06:44.369Z - User connected: qh5GUHEDdB5D1syoAAAB
2024-08-16T22:13:17.237Z - User connected: 9csuHmjHdQiGf5J3AAAB
2024-08-16T22:13:29.834Z - User vhb assigned color: white
2024-08-16T22:14:38.499Z - User connected: HAw4aakhxTNEsmS2AAAB
2024-08-16T22:14:45.391Z - User Adarsh assigned color: white
2024-08-16T22:18:22.697Z - User connected: ux6hGLclWx5fQPxPAAAD
2024-08-16T22:20:02.073Z - User trivedi assigned color: white
2024-08-16T22:21:56.636Z - User connected: tVW1rrPlS1rdPYnCAAAF
2024-08-16T22:22:05.150Z - User fd assigned color: black
2024-08-16T22:22:05.372Z - User connected: U3jWtG_VNvkDQ2AUAAAH
2024-08-16T22:22:05.415Z - User connected: l4QEXhCQHfeTdMX9AAAJ
2024-08-16T22:22:37.984Z - User connected: oHRU2vXqOLmX2-zjAAAB
2024-08-16T22:22:44.603Z - User connected: g_FAkyO7KKk0SRNQAAAD
2024-08-16T22:22:51.385Z - User Adarsh assigned color: white
2024-08-16T22:22:59.527Z - User Snake Game assigned color: black
2024-08-16T22:22:59.749Z - User connected: Kvl5lOo2Zz5yWJGIAAAG
2024-08-16T22:22:59.751Z - User connected: 1CDwC2dH5VSaDS1mAAAH
2024-08-16T22:27:42.031Z - User connected: axLWETmf7GpF7NL5AAAB
2024-08-16T22:27:45.781Z - User connected: g2im-9dy3OzsUUcdAAAB
2024-08-16T22:27:51.767Z - User connected: laQ333zjKpP8-JINAAAB
2024-08-16T22:27:57.779Z - User connected: 8yzq6P5FZnmk-ieuAAAB
2024-08-16T22:28:10.067Z - User connected: 1Z1HgvHafT4H0I_-AAAD
2024-08-16T22:28:18.235Z - User connected: -q7tS4sxKL-QjmaBAAAF
2024-08-16T22:28:26.054Z - User Adarsh assigned color: white
2024-08-16T22:28:26.244Z - User connected: PYTBl8AQTLLZelakAAAH
2024-08-16T22:29:02.719Z - User connected: xMcJOaW-2h2muug0AAAB
2024-08-16T22:29:02.747Z - User connected: _xTONGilKv1D4vyFAAAD
2024-08-16T22:29:09.845Z - User ghj assigned color: white
2024-08-16T22:29:10.085Z - User connected: ORlOT0vhZIzjdL-nAAAF
2024-08-16T22:30:12.771Z - User connected: FYvZRSu5GxYMqL3AAAAB
2024-08-16T22:30:13.755Z - User connected: X1okfekOACfHLLYeAAAD
2024-08-16T22:30:32.900Z - User connected: Tqc2RcVpMyrL0kN3AAAB
2024-08-16T22:30:33.745Z - User connected: 1QOjiMPnq9bc0nspAAAD
2024-08-16T22:30:42.287Z - User connected: Ki1sSt4KLfiNxM03AAAC
2024-08-16T22:30:42.294Z - User connected: B8AfG5iYCjwbntUXAAAD
2024-08-16T22:30:43.776Z - User connected: Ioz8mw1F7jFrQLrfAAAB
2024-08-16T22:30:45.276Z - User connected: GOczd3GGxnfqfQVvAAAB
2024-08-16T22:30:45.751Z - User connected: crnYCW8lJhb20vxIAAAD
2024-08-16T22:30:50.770Z - User connected: DO5NTfhg5CF8gHM1AAAC
2024-08-16T22:30:50.780Z - User connected: LUl_2clSdjhd2ekUAAAD
2024-08-16T22:30:54.769Z - User connected: 7Tm-l1rzc4BlG25hAAAB
2024-08-16T22:30:55.767Z - User connected: BMfkwhpx6qMvNEXsAAAD
2024-08-16T22:31:03.769Z - User connected: fbXazBTOL1UZanqUAAAC
2024-08-16T22:31:03.778Z - User connected: 8bRIMHGKOvlxtScyAAAD
2024-08-16T22:31:37.026Z - User connected: n_uUOOfoTkhmxC2YAAAF
2024-08-16T22:31:42.507Z - User Adarsh assigned color: white
2024-08-16T22:31:46.035Z - User connected: ePbFN9BuKv8qTR_8AAAH
2024-08-16T22:31:55.491Z - User jklk assigned color: black
2024-08-16T22:32:40.548Z - User connected: QljCKjnBvx9G0NrxAAAJ
2024-08-16T22:32:45.080Z - User connected: gwgozbrqvNiyUvDgAAAL
2024-08-16T22:32:52.415Z - User asd assigned color: white
2024-08-16T22:32:58.976Z - User jkl assigned color: black
2024-08-16T22:43:48.459Z - User connected: szEJnGzA7SBgNnFdAAAB
2024-08-16T22:43:55.519Z - User connected: fPW7ovRic2JoBxC8AAAD
2024-08-16T22:44:02.361Z - User Adarsh assigned color: white
2024-08-16T22:44:10.644Z - User ghj assigned color: black
2024-08-16T22:45:16.891Z - User connected: ZBi1438Ctip9WJnvAAAB
2024-08-16T22:45:17.198Z - User connected: BvZiBdQTJz6Boe4AAAAD
2024-08-16T22:45:26.324Z - User connected: ynRP_-RUhD6ukNAfAAAF
2024-08-16T22:45:33.547Z - User connected: cp0fGQIKOIckvyeiAAAH
2024-08-16T22:45:39.685Z - User trivedi assigned color: white
2024-08-16T22:45:46.410Z - User uio assigned color: black
2024-08-16T22:54:51.342Z - User connected: 0zY0jbVuJuRcfF-pAAAB
2024-08-16T22:55:01.142Z - User connected: QDYFia-T4QpvAJwnAAAD
2024-08-16T22:55:07.443Z - User Adarsh assigned color: white
2024-08-16T22:55:15.936Z - User jkhdf assigned color: black
2024-08-16T22:57:12.243Z - User connected: Grvgjw_gNjTa9AAHAAAB
2024-08-16T22:57:21.839Z - User connected: pVMZ0MnEMo0bsuywAAAD
2024-08-16T22:57:35.272Z - User trivedi assigned color: white
2024-08-16T22:57:38.278Z - User Adarsh assigned color: black
2024-08-16T22:58:10.073Z - User connected: JmsW0o7tQ1Z-ut5SAAAB
2024-08-16T22:58:10.357Z - User connected: Y_eOFHH-RpIIq6OwAAAD
2024-08-16T22:58:24.314Z - User connected: PcaA8Q1yirtbg8X6AAAB
2024-08-16T22:58:24.384Z - User connected: y87fGHBmBw55LMwZAAAD
2024-08-16T23:00:15.531Z - User connected: EefI-TeM6iT2Yv7BAAAB
2024-08-16T23:00:29.151Z - User connected: 0Lb0O-p2zV3523cnAAAB
2024-08-16T23:00:32.073Z - User connected: BblrpDM6fSKfvzWkAAAB
2024-08-16T23:00:40.119Z - User connected: 5x0D8XAhgSCvAyZjAAAD
2024-08-16T23:00:49.699Z - User connected: JESF2qfpMrvrDdrcAAAF
2024-08-16T23:00:56.105Z - User dsf assigned color: white
2024-08-16T23:01:10.043Z - User afd assigned color: black
2024-08-16T23:02:05.014Z - User connected: _PNyqzmBZrOE5W_eAAAB
2024-08-16T23:02:12.667Z - User connected: slz1OA8sQ7xBw4d_AAAD
2024-08-16T23:02:18.598Z - User connected: lpVjzzMNd_NXSIB6AAAF
2024-08-16T23:02:26.824Z - User a assigned color: white
2024-08-16T23:02:52.996Z - User b assigned color: black
2024-08-16T23:03:22.785Z - User connected: VTz047dx_9ryBMH-AAAC
2024-08-16T23:03:22.804Z - User connected: NRszQABEV1-WA3hqAAAD
2024-08-16T23:03:25.296Z - User connected: JHp3jmWCRvvcmURWAAAB
2024-08-16T23:03:25.755Z - User connected: F90xvFwRJ8MYZ6LdAAAD
2024-08-16T23:05:13.054Z - User connected: qXeJMcyJAqPeMWqHAAAC
2024-08-16T23:05:13.066Z - User connected: 8lUIIk5IGHF-Cj1qAAAD
2024-08-16T23:05:18.437Z - User connected: LthOnV3xWviRX2euAAAF
2024-08-16T23:05:22.109Z - User connected: qd3QocIpe8WY3iT-AAAH
2024-08-16T23:05:29.111Z - User df assigned color: white
2024-08-16T23:05:38.413Z - User bf assigned color: black
2024-08-16T23:07:43.126Z - User connected: gl8rsAyWz52rl0q2AAAB
2024-08-16T23:07:44.627Z - User connected: RO9tpZutREUuC2uOAAAB
2024-08-16T23:08:01.581Z - User connected: QvN0FJpZjO_GnyUyAAAB
2024-08-16T23:08:24.447Z - User connected: 8cjHTJZU1eRMxhP7AAAB
2024-08-16T23:08:31.380Z - User connected: ukoXTnIYPKUV50WIAAAB
2024-08-16T23:08:34.380Z - User connected: pgWBjcICT8AFaXirAAAB
2024-08-16T23:08:47.664Z - User connected: fMwl3k-VHkCd4cUJAAAB
2024-08-16T23:08:53.221Z - User connected: st6QloG1wkyuJtSLAAAD
2024-08-16T23:09:00.211Z - User connected: nBilJJrndr2ma3zlAAAF
2024-08-16T23:09:07.367Z - User ada assigned color: white
2024-08-16T23:09:20.587Z - User poi assigned color: black
2024-08-16T23:09:38.939Z - User connected: Prq_2QnVaL5Lh6XxAAAH
2024-08-16T23:09:45.011Z - User connected: rryNExebpGDKnt-1AAAJ
2024-08-16T23:09:53.006Z - User sd assigned color: white
2024-08-16T23:10:00.753Z - User pk assigned color: black
